<?xml version="1.0" encoding="UTF-8"?>
<testng-results ignored="0" total="1" passed="1" failed="0" skipped="0">
  <reporter-output>
  </reporter-output>
  <suite started-at="2020-07-09T20:44:16Z" name="BDD Test Suite" finished-at="2020-07-09T20:44:49Z" duration-ms="32655">
    <groups>
      <group name="cucumber">
        <method signature="TestRunner.feature(cucumber.api.testng.CucumberFeatureWrapper)[pri:0, instance:MyRunner.TestRunner@731f8236]" name="feature" class="MyRunner.TestRunner"/>
      </group> <!-- cucumber -->
    </groups>
    <test started-at="2020-07-09T20:44:16Z" name="FREE CRM Test" finished-at="2020-07-09T20:44:49Z" duration-ms="32655">
      <class name="MyRunner.TestRunner">
        <test-method is-config="true" signature="setUpClass()[pri:0, instance:MyRunner.TestRunner@731f8236]" started-at="2020-07-09T20:44:16Z" name="setUpClass" finished-at="2020-07-09T20:44:16Z" duration-ms="234" status="PASS">
          <reporter-output>
          </reporter-output>
        </test-method> <!-- setUpClass -->
        <test-method signature="feature(cucumber.api.testng.CucumberFeatureWrapper)[pri:0, instance:MyRunner.TestRunner@731f8236]" started-at="2020-07-09T20:44:17Z" name="feature" description="Runs Cucumber Feature" data-provider="features" finished-at="2020-07-09T20:44:49Z" duration-ms="32221" status="PASS">
          <params>
            <param index="0">
              <value>
                <![CDATA[TestData readeing for test case]]>
              </value>
            </param>
          </params>
          <reporter-output>
          </reporter-output>
        </test-method> <!-- feature -->
        <test-method is-config="true" signature="tearDownClass()[pri:0, instance:MyRunner.TestRunner@731f8236]" started-at="2020-07-09T20:44:49Z" name="tearDownClass" finished-at="2020-07-09T20:44:49Z" duration-ms="26" status="PASS">
          <reporter-output>
          </reporter-output>
        </test-method> <!-- tearDownClass -->
      </class> <!-- MyRunner.TestRunner -->
    </test> <!-- FREE CRM Test -->
  </suite> <!-- BDD Test Suite -->
</testng-results>
